<?xml version="1.0" encoding="UTF-8"?>
<!-- Generated by org.testng.reporters.JUnitReportReporter -->
<testsuite skipped="0" hostname="DESKTOP-AA4AD8I" name="com.testcases.LoginTest" tests="1" failures="0" timestamp="25 Jun 2019 02:01:36 GMT" time="0.022" errors="0">
  <testcase name="f" time="0.022" classname="com.testcases.LoginTest"/>
</testsuite> <!-- com.testcases.LoginTest -->
