<?xml version="1.0" encoding="UTF-8"?>
<!-- Generated by org.testng.reporters.JUnitReportReporter -->
<testsuite skipped="0" hostname="DESKTOP-AA4AD8I" name="com.testcases.CreateLeadTest" tests="1" failures="0" timestamp="25 Jun 2019 02:01:36 GMT" time="0.004" errors="0">
  <testcase name="f" time="0.004" classname="com.testcases.CreateLeadTest"/>
</testsuite> <!-- com.testcases.CreateLeadTest -->
